What is the location of the configuration file that you edited?: 
Configuration file correctly opened

File correctly opened

The local date and time is: Thu Nov 30 14:48:32 2023

3 3 3 3 3 3 3 3 3 3 3 3 3 3 3 3 3 3 3 3 3 3 3 3 3 3 3 3 3 2 2 



Total Score: -234.60738867144445

Best several structures are:
-298.237 : [24][30|24][26|30][14|30][5|30][20|5][6][18|14:6][2|5][27|14:6][11|24:30][13|24:18][19|20:18:11][22|26:5:20:6][10|24:26:5:2][21|27:22][1|30:14:5:2][12|10:1][4|30:14:13:10][16|27][8|5:18:2][17|26:10:21][29|30:27:1][0|10:1][28|30:26:17][3|5:2:13][15|26:5:13:1][9|26:14:21:3][23|18:11:4][7|10:1:12:0][25|26:3:23:7]   50.163
-298.244 : [24][30|24][26|30][14|30][5|30][20|5][6][18|14:6][2|5][27|14:6][11|24:30][13|24:18][19|20:18:11][22|26:5:20:6][10|24:26:5:2][21|27:22][1|30:14:5:2][12|10:1][4|30:14:13:10][16|27][8|5:18:2][17|26:10:21][29|30:27:1][0|10:1][28|30:26:17][3|5:2:13][15|26:5:13:1][9|13:19:21:4][23|18:11:4][7|10:1:12:0][25|26:3:23:7]    66.7392
-298.244 : [24][30|24][26|30][14|30][5|30][20|5][6][18|14:6][2|5][27|14:6][11|24:30][13|24:18][19|20:18:11][22|26:5:20:6][10|24:26:5:2][21|27:22][1|30:14:5:2][12|10:1][4|30:14:13:10][16|27][8|5:18:2][17|26:10:21][29|30:27:1][0|10:1][28|30:26:17][3|5:2:13][15|26:5:13:1][9|11:1:4:17][23|18:11:4][7|10:1:12:0][25|26:3:23:7]    75.0784
-298.246 : [24][30|24][26|30][14|30][5|30][20|5][6][18|14:6][2|5][27|14:6][11|24:30][13|24:18][19|20:18:11][22|26:5:20:6][10|24:26:5:2][21|27:22][1|30:14:5:2][12|10:1][4|30:14:13:10][16|27][8|5:18:2][17|26:10:21][29|30:27:13][0|10:1][28|30:26:17][3|5:2:13][15|26:5:13:1][9|26:14:21:3][23|18:11:4][7|10:1:12:0][25|26:3:23:7]    80.1264
-298.25 : [24][30|24][26|30][14|30][5|30][20|5][6][18|14:6][2|5][27|14:6][11|24:30][13|24:18][19|20:18:11][22|26:5:20:6][10|24:26:5:2][21|27:22][1|30:14:5:2][12|10:1][4|30:14:13:10][16|27][8|5:18:2][17|26:10:21][29|30:27:1][0|10:1][28|30:26:17][3|5:2:13][15|26:5:13:1][9|30:14:21:3][23|18:11:4][7|10:1:12:0][25|26:3:23:7]    83.5554
-298.26 : [24][30|24][26|30][14|30][5|30][20|5][6][18|14:6][2|5][27|14:6][11|24:30][13|24:18][19|20:18:11][22|26:5:20:6][10|24:26:5:2][21|27:22][1|30:14:5:2][12|10:1][4|30:14:13:10][16|27][8|5:18:2][17|26:10:21][29|30:27:1][0|10:1][28|30:26:17][3|5:2:13][15|26:5:13:1][9|30:26:22:12][23|18:11:4][7|10:1:12:0][25|26:3:23:7]    85.9324
-298.265 : [24][30|24][26|30][14|30][5|30][20|5][6][18|14:6][2|5][27|14:6][11|24:30][13|24:18][19|20:18:11][22|26:5:20:6][10|24:26:5:2][21|27:22][1|30:14:5:2][12|10:1][4|30:14:13:10][16|27][8|5:18:2][17|26:10:21][29|30:27:1][0|1:12][28|30:26:17][3|5:2:13][15|26:5:13:1][9|26:14:21:3][23|18:11:4][7|10:1:12:0][25|26:3:23:7]    87.8189
-298.279 : [24][30|24][26|30][14|30][5|30][20|5][6][18|14:6][2|5][27|14:6][11|24:30][13|24:18][19|20:18:11][22|26:5:20:6][10|24:26:5:2][21|27:22][1|5:2:10][12|10:1][4|30:14:13:10][16|27][8|5:18:2][17|26:10:21][29|30:27:1][0|10:1][28|30:26:17][3|5:2:13][15|26:5:13:1][9|26:14:21:3][23|18:11:4][7|10:1:12:0][25|26:3:23:7]    89.1588
-298.281 : [24][30|24][26|30][14|30][5|30][20|5][6][18|14:6][2|5][27|14:6][11|24:30][13|24:18][19|20:18:11][22|26:5:20:6][10|24:26:5:2][21|27:22][1|30:14:5:2][12|10:1][4|30:14:13:10][16|27][8|5:18:2][17|26:10:21][29|30:27:1][0|10:1][28|30:26:17][3|5:2:13][15|30:5:2:21][9|26:14:21:3][23|18:11:4][7|10:1:12:0][25|26:3:23:7]    90.2396
-298.283 : [24][30|24][26|30][14|30][5|30][20|5][6][18|14:6][2|5][27|14:6][11|24:30][13|24:18][19|20:18:11][22|26:5:20:6][10|24:26:5:2][21|27:22][1|30:14:5:2][12|10:1][4|30:14:13:10][16|27][8|5:18:2][17|26:10:21][29|30:27:1][0|10:1][28|30:26:17][3|5:2:13][15|26:1:3][9|26:14:21:3][23|18:11:4][7|10:1:12:0][25|26:3:23:7]    91.1527
-298.289 : [24][30|24][26|30][14|30][5|30][20|5][6][18|14:6][2|5][27|14:6][11|24:30][13|24:18][19|20:18:11][22|26:5:20:6][10|24:26:5:2][21|27:22][1|30:14:5:2][12|10:1][4|14:13:10][16|27][8|5:18:2][17|26:10:21][29|30:27:1][0|10:1][28|30:26:17][3|5:2:13][15|26:5:13:1][9|26:14:21:3][23|18:11:4][7|10:1:12:0][25|26:3:23:7]    91.8823
-298.29 : [24][30|24][26|30][14|30][5|30][20|5][6][18|14:6][2|5][27|14:6][11|24:30][13|24:18][19|20:18:11][22|26:5:20:6][10|24:26:5:2][21|27:22][1|30:14:5:2][12|10:1][4|30:14:13:10][16|27][8|5:18:2][17|26:10:21][29|30:27:1][0|10:1][28|30:26:17][3|5:2:13][15|26:5:13:1][9|14:21:3][23|18:11:4][7|10:1:12:0][25|26:3:23:7]    92.5279
-298.295 : [24][30|24][26|30][14|30][5|30][20|5][6][18|14:6][2|5][27|14:6][11|24:30][13|24:18][19|20:18:11][22|26:5:20:6][10|24:26:5:2][21|27:22][1|30:14:5:2][12|10:1][4|30:14:13:10][16|27][8|5:18:2][17|26:10:21][29|30:27:1][0|10:1][28|30:4:17][3|5:2:13][15|26:5:13:1][9|26:14:21:3][23|18:11:4][7|10:1:12:0][25|26:3:23:7]    93.1336
-298.309 : [24][30|24][26|30][14|30][5|30][20|5][6][18|14:6][2|5][27|14:6][11|24:30][13|24:18][19|20:18:11][22|26:5:20:6][10|24:26:5:2][21|27:22][1|24:5:2][12|10:1][4|30:14:13:10][16|27][8|5:18:2][17|26:10:21][29|30:27:1][0|10:1][28|30:26:17][3|5:2:13][15|26:5:13:1][9|26:14:21:3][23|18:11:4][7|10:1:12:0][25|26:3:23:7]    93.5748
-298.309 : [24][30|24][26|30][14|30][5|30][20|5][6][18|14:6][2|5][27|14:6][11|24:30][13|24:18][19|20:18:11][22|26:5:20:6][10|24:26:5:2][21|27:22][1|14:5:2][12|10:1][4|30:14:13:10][16|27][8|5:18:2][17|26:10:21][29|30:27:1][0|10:1][28|30:26:17][3|5:2:13][15|26:5:13:1][9|26:14:21:3][23|18:11:4][7|10:1:12:0][25|26:3:23:7]    94.0145
-298.318 : [24][30|24][26|30][14|30][5][20|5][6][18|14:6][2|5][27|14:6][11|24:30][13|24:18][19|20:18:11][22|26:5:20:6][10|24:26:5:2][21|27:22][1|30:14:5:2][12|10:1][4|30:14:13:10][16|27][8|5:18:2][17|26:10:21][29|30:27:1][0|10:1][28|30:26:17][3|5:2:13][15|26:5:13:1][9|26:14:21:3][23|18:11:4][7|10:1:12:0][25|26:3:23:7]    94.3671
-298.32 : [24][30|24][26|30][14|30][5|30][20|5][6][18|14:6][2|5][27|14:6][11|24:30][13|24:18][19|20:18:11][22|26:5:20:6][10|24:26:5:2][21|27:22][1|24:26:10][12|10:1][4|30:14:13:10][16|27][8|5:18:2][17|26:10:21][29|30:27:1][0|10:1][28|30:26:17][3|5:2:13][15|26:5:13:1][9|26:14:21:3][23|18:11:4][7|10:1:12:0][25|26:3:23:7]    94.6881
-298.325 : [24][30|24][26|30][14|30][5|30][20|5][6][18|14:6][2|5][27|14:6][11|24:30][13|24:18][19|20:18:11][22|26:5:20:6][10|24:26:5][21|27:22][1|30:14:5:2][12|10:1][4|30:14:13:10][16|27][8|5:18:2][17|26:10:21][29|30:27:1][0|10:1][28|30:26:17][3|5:2:13][15|26:5:13:1][9|26:14:21:3][23|18:11:4][7|10:1:12:0][25|26:3:23:7]    94.977
-298.329 : [24][30|24][26|30][14|30][5|30][20|5][6][18|14:6][2|5][27|14:6][11|24:30][13|24:18][19|20:18:11][22|26:5:20:6][10|24:26:5:2][21|27:22][1|30:14:5:2][12|10:1][4|30:14:13:10][16|27][8|5:18:2][17|26:10:21][29|30:27:1][0|10:1][28|30:26:17][3|5:2:13][15|26:5:13:1][9|26:14:21:3][23|18:11:4][7|10:1:12][25|26:3:23:7]    95.2878
-298.345 : [24][30|24][26|30][14|30][5|30][20|5][6][18|14:6][2|5][27|14:6][11|24:30][13|24:18][19|20:18:11][22|26:5:20:6][10|24:26:20][21|27:22][1|30:14:5:2][12|10:1][4|30:14:13:10][16|27][8|5:18:2][17|26:10:21][29|30:27:1][0|10:1][28|30:26:17][3|5:2:13][15|26:5:13:1][9|26:14:21:3][23|18:11:4][7|10:1:12:0][25|26:3:23:7]    95.6438
-298.379 : [24][30|24][26|30][14|30][5|30][20|5][6][18|14:6][2|5][27|14:6][11|24:30][13|24:18][19|20:18:11][22|26:5:20:6][10|24:26:5:2][21|27:22][1|30:14:5][12|10:1][4|30:14:13:10][16|27][8|5:18:2][17|26:10:21][29|30:27:1][0|10:1][28|30:26:17][3|5:2:13][15|26:5:13:1][9|26:14:21:3][23|18:11:4][7|10:1:12:0][25|26:3:23:7]    95.8439
-298.383 : [24][30|24][26|30][14|30][5|30][20|5][6][18|14:6][2|5][27|14:6][11|24:30][13|24:18][19|20:18:11][22|26:5:20:6][10|24:26:5:2][21|27:22][1|30:14:5:2][12|10:1][4|30:14:13:10][16|30:27][8|5:18:2][17|26:10:21][29|30:27:1][0|10:1][28|30:26:17][3|5:2:13][15|26:5:13:1][9|26:14:21:3][23|18:11:4][7|10:1:12:0][25|26:3:23:7]    96.0154
-298.385 : [24][30|24][26|30][14|30][5|30][20|5][6][18|14:6][2|5][27|14:6][11|24:30][13|24:18][19|20:18:11][22|26:5:20:6][10|24:26:5:2][21|27:22][1|30:14:20][12|10:1][4|30:14:13:10][16|27][8|5:18:2][17|26:10:21][29|30:27:1][0|10:1][28|30:26:17][3|5:2:13][15|26:5:13:1][9|26:14:21:3][23|18:11:4][7|10:1:12:0][25|26:3:23:7]    96.1845
-298.389 : [24][30|24][26|30][14|30][5|30][20|5][6][18|14:6][2|5][27|14:6][11|24:30][13|24:18][19|20:18:11][22|26:5:20:6][10|24:26:5:2][21|27:22][1|30:14:5:2][12|10:1][4|30:14:13:10][16|27][8|5:18:2][17|26:10:21][29|27:1][0|10:1][28|30:26:17][3|5:2:13][15|26:5:13:1][9|26:14:21:3][23|18:11:4][7|10:1:12:0][25|26:3:23:7]    96.38
-298.405 : [24][30|24][26|30][14|30][5|30][20|5][6][18|14:6][2|5][27|14:6][11|24:30][13|24:18][19|20:18:11][22|26:5:20:6][10|24:26:5:2][21|27:22][1|30:14:5:2][12|10:1][4|30:14:13:10][16|27][8|5:18:2][17|26:10:21][29|27:13][0|10:1][28|30:26:17][3|5:2:13][15|26:5:13:1][9|26:14:21:3][23|18:11:4][7|10:1:12:0][25|26:3:23:7]    96.5237
-298.41 : [24][30|24][26|30][14|30][5|30][20|5][6][18|14:6][2|5][27|14:6][11|24:30][13|24:18][19|20:18:11][22|26:5:20:6][10|24:26:5:2][21|27:22][1|30:14:5:2][12|10:1][4|30:14:13:10][16|27][8|5:18:2][17|26:10:21][29|30:27:1][0|10:1][28|30:26:17][3|5:2:13][15|30:5:21][9|26:14:21:3][23|18:11:4][7|10:1:12:0][25|26:3:23:7]    96.6719
-298.42 : [24][30|24][26|30][14|30][5|30][20|5][6][18|14:6][2|5][27|14:6][11|24:30][13|24:18][19|20:18:11][22|26:5:20:6][10|24:26:5:2][21|27:22][1|30:14:5:2][12|10:1][4|30:14:13:10][16|27][8|5:18:2][17|26:10:21][29|30:27:1][0|10:1][28|30:26:17][3|5:13][15|26:5:13:1][9|26:14:21:3][23|18:11:4][7|10:1:12:0][25|26:3:23:7]    96.8405
-298.44 : [24][30|24][26|30][14|30][5|30][20|5][6][18|14:6][2|5][27|14:6][11|24:30][13|24:18][19|20:18:11][22|26:5:20:6][10|24:26:5:2][21|27:22][1|30:14:5:2][12|10:1][4|30:14:13:10][16|27][8|5:18:2][17|26:10:21][29|30:27:1][0|10:1][28|30:26:17][3|5:2:13][15|30:20:21][9|26:14:21:3][23|18:11:4][7|10:1:12:0][25|26:3:23:7]    96.9806
-298.454 : [24][30|24][26|30][14|30][5|30][20|5][6][18|14:6][2|5][27|14:6][11|24:30][13|24:18][19|20:18:11][22|26:5:20:6][10|24:26:5:2][21|27:22][1|30:14:5:2][12|10:1][4|30:14:13:10][16|27][8|5:18][17|26:10:21][29|30:27:1][0|10:1][28|30:26:17][3|5:2:13][15|26:5:13:1][9|26:14:21:3][23|18:11:4][7|10:1:12:0][25|26:3:23:7]    97.0866
-298.46 : [24][30|24][26|30][14|30][5|30][20|5][6][18|14:6][2|5][27|30][11|24:30][13|24:18][19|20:18:11][22|26:5:20:6][10|24:26:5:2][21|27:22][1|30:14:5:2][12|10:1][4|30:14:13:10][16|27][8|5:18:2][17|26:10:21][29|30:27:1][0|10:1][28|30:26:17][3|5:2:13][15|26:5:13:1][9|26:14:21:3][23|18:11:4][7|10:1:12:0][25|26:3:23:7]    97.2246
-298.481 : [24][30|24][26|30][14|30][5|30][20|5][6][18|14:6][2|5][27|14:6][11|24:30][13|24:18][19|20:18:11][22|26:5:20:6][10|24:26:5:2][21|27:22][1|30:14:5:2][12|10:1][4|30:14:13:10][16|27][8|20:18][17|26:10:21][29|30:27:1][0|10:1][28|30:26:17][3|5:2:13][15|26:5:13:1][9|26:14:21:3][23|18:11:4][7|10:1:12:0][25|26:3:23:7]    97.3009
-298.481 : [24][30|24][26|30][14|30][5|30][20|5][6][18|14:6][2|5][27|14:6][11|24:30][13|24:18][19|20:18:11][22|26:5:20:6][10|24:26:5:2][21|27:22][1|30:14:5:2][12|10:1][4|30:14:13:10][16|27][8|5:18:2][17|26:10:21][29|30:27:1][0|10:1][28|30:26:17][3|20:13][15|26:5:13:1][9|26:14:21:3][23|18:11:4][7|10:1:12:0][25|26:3:23:7]    97.4089
-298.496 : [24][30|24][26|30][14|30][5|30][20|5][6][18|14:6][2|5][27|14:6][11|24:30][13|24:18][19|20:18:11][22|26:5:20:6][10|24:26:5:2][21|27:22][1|5:10][12|10:1][4|30:14:13:10][16|27][8|5:18:2][17|26:10:21][29|30:27:1][0|10:1][28|30:26:17][3|5:2:13][15|26:5:13:1][9|26:14:21:3][23|18:11:4][7|10:1:12:0][25|26:3:23:7]    97.6175
-298.556 : [24][30|24][26|30][14|30][5|30][20|5][6][18|14:6][2|5][27|14:6][11|24:30][13|24:18][19|20:18:11][22|26:5:20:6][10|24:26:5:2][21|27:22][1|20:10][12|10:1][4|30:14:13:10][16|27][8|5:18:2][17|26:10:21][29|30:27:1][0|10:1][28|30:26:17][3|5:2:13][15|26:5:13:1][9|26:14:21:3][23|18:11:4][7|10:1:12:0][25|26:3:23:7]    97.7296
-298.581 : [24][30|24][26|30][14|30][5|30][20|5][6][18|14:6][2|5][27|14:6][11|24:30][13|24:18][19|20:18:11][22|26:5:20:6][10|24:26:5:2][21|27:22][1|24:5][12|10:1][4|30:14:13:10][16|27][8|5:18:2][17|26:10:21][29|30:27:1][0|10:1][28|30:26:17][3|5:2:13][15|26:5:13:1][9|26:14:21:3][23|18:11:4][7|10:1:12:0][25|26:3:23:7]    97.7899
-298.585 : [24][30|24][26|30][14|30][5|30][20|5][6][18|14:6][2|5][27|14:6][11|24:30][13|24:18][19|20:18:11][22|26:5:20:6][10|24:26:5:2][21|27:22][1|30:14:5:2][12|10:1][4|30:14:13:10][16|27][8|5:18:2][17|26:10:21][29|30:27:1][0|10:1][28|30:26:17][3|5:2:13][15|26:5:13:1][9|30:26][23|18:11:4][7|10:1:12:0][25|26:3:23:7]    97.849
-298.591 : [24][30|24][26|30][14|30][5|30][20|5][6][18|14:6][2|5][27|14:6][11|24:30][13|24:18][19|20:18:11][22|26:5:20:6][10|24:26:5:2][21|27:22][1|30:14:5:2][12|10:1][4|30:14:13:10][16|27][8|5:18:2][17|26:10:21][29|30:27:1][0|10:1][28|30:26:17][3|5:2:13][15|26:5:13:1][9|26:14:21:3][23|18:11:4][7|10:12][25|26:3:23:7]    97.8984
-298.593 : [24][30|24][26|30][14|30][5|30][20|5][6][18|14:6][2|5][27|14:6][11|24:30][13|24:18][19|20:18:11][22|26:5:20:6][10|24:26:5:2][21|27:22][1|24:20][12|10:1][4|30:14:13:10][16|27][8|5:18:2][17|26:10:21][29|30:27:1][0|10:1][28|30:26:17][3|5:2:13][15|26:5:13:1][9|26:14:21:3][23|18:11:4][7|10:1:12:0][25|26:3:23:7]    97.9843
-298.614 : [24][30|24][26|30][14|30][5|30][20|5][6][18|14:6][2|5][27|14:6][11|24:30][13|24:18][19|20:18:11][22|26:5:20:6][10|24:26:5:2][21|27:22][1|24:10][12|10:1][4|30:14:13:10][16|27][8|5:18:2][17|26:10:21][29|30:27:1][0|10:1][28|30:26:17][3|5:2:13][15|26:5:13:1][9|26:14:21:3][23|18:11:4][7|10:1:12:0][25|26:3:23:7]    98.0922
-298.65 : [24][30|24][26|30][14|30][5|30][20|5][6][18|30:14:6][2|5][27|14:6][11|24:30][13|24:18][19|20:18:11][22|26:5:20:6][10|24:26:5:2][21|27:22][1|30:14:5:2][12|10:1][4|30:14:13:10][16|27][8|5:18:2][17|26:10:21][29|30:27:1][0|10:1][28|30:26:17][3|5:2:13][15|26:5:13:1][9|26:14:21:3][23|18:11:4][7|10:1:12:0][25|26:3:23:7]    98.1497
-298.662 : [24][30|24][26|30][14|30][5|30][20|5][6][18|14:6][2|5][27|30:14:6][11|24:30][13|24:18][19|20:18:11][22|26:5:20:6][10|24:26:5:2][21|27:22][1|30:14:5:2][12|10:1][4|30:14:13:10][16|27][8|5:18:2][17|26:10:21][29|30:27:1][0|10:1][28|30:26:17][3|5:2:13][15|26:5:13:1][9|26:14:21:3][23|18:11:4][7|10:1:12:0][25|26:3:23:7]    98.1901
-298.666 : [24][30|24][26|30][14|30][5|30][20|5][6][18|14:6][2|5][27|14:6][11|24:30][13|24:18][19|20:18:11][22|26:5:20:6][10|24:26:5:2][21|30:27:22][1|30:14:5:2][12|10:1][4|30:14:13:10][16|27][8|5:18:2][17|26:10:21][29|30:27:1][0|10:1][28|30:26:17][3|5:2:13][15|26:5:13:1][9|26:14:21:3][23|18:11:4][7|10:1:12:0][25|26:3:23:7]    98.2832
-298.701 : [24][30|24][26|30][14|30][5|30][20|5][6][18|14:6][2|5][27|14:6][11|24:30][13|24:18][19|20:18:11][22|26:5:20:6][10|24:26:5:2][21|27:22][1|5][12|10:1][4|30:14:13:10][16|27][8|5:18:2][17|26:10:21][29|30:27:1][0|10:1][28|30:26:17][3|5:2:13][15|26:5:13:1][9|26:14:21:3][23|18:11:4][7|10:1:12:0][25|26:3:23:7]    98.4091
-298.761 : [24][30|24][26|30][14|30][5|30][20|5][6][18|14:6][2|5:20][27|14:6][11|24:30][13|24:18][19|20:18:11][22|26:5:20:6][10|24:26:5:2][21|27:22][1|30:14:5:2][12|10:1][4|30:14:13:10][16|27][8|5:18:2][17|26:10:21][29|30:27:1][0|10:1][28|30:26:17][3|5:2:13][15|26:5:13:1][9|26:14:21:3][23|18:11:4][7|10:1:12:0][25|26:3:23:7]    98.5097
-298.812 : [24][30|24][26|30][14|30][5|30][20|5][6][18|30:14:20:6][2|5][27|14:6][11|24:30][13|24:18][19|20:18:11][22|26:5:20:6][10|24:26:5:2][21|27:22][1|30:14:5:2][12|10:1][4|30:14:13:10][16|27][8|5:18:2][17|26:10:21][29|30:27:1][0|10:1][28|30:26:17][3|5:2:13][15|26:5:13:1][9|26:14:21:3][23|18:11:4][7|10:1:12:0][25|26:3:23:7]    98.5479
-298.823 : [24][30|24][26|30][14|30][5|30][20|5][6][18|14:6][2|26:5][27|14:6][11|24:30][13|24:18][19|20:18:11][22|26:5:20:6][10|24:26:5:2][21|27:22][1|30:14:5:2][12|10:1][4|30:14:13:10][16|27][8|5:18:2][17|26:10:21][29|30:27:1][0|10:1][28|30:26:17][3|5:2:13][15|26:5:13:1][9|26:14:21:3][23|18:11:4][7|10:1:12:0][25|26:3:23:7]    98.5698
-298.824 : [24][30|24][26|30][14|30][5|30][20|5][6][18|14:6][2|5][27|14:6][11|24:30][13|24:18][19|20:18:11][22|26:5:20:6][10|24:26:5:2][21|27][1|30:14:5:2][12|10:1][4|30:14:13:10][16|27][8|5:18:2][17|26:10:21][29|30:27:1][0|10:1][28|30:26:17][3|5:2:13][15|26:5:13:1][9|26:14:21:3][23|18:11:4][7|10:1:12:0][25|26:3:23:7]    98.5928
-298.826 : [24][30|24][26|30][14|30][5|30][20|5][6][18|14:6][2|5][27|14:6][11|24:30][13|24:18][19|20:18:11][22|26:5:20:6][10|24:26:5:2][21|27:22][1|30:14:5:2][12|10:1][4|30:14:13:10][16|27][8|5:18:2][17|26:10:21][29|30:26:27:1][0|10:1][28|30:26:17][3|5:2:13][15|26:5:13:1][9|26:14:21:3][23|18:11:4][7|10:1:12:0][25|26:3:23:7]    98.6171
-298.829 : [24][30|24][26|30][14|30][5|30][20|5][6][18|14:6][2|5][27|14:6][11|24:30][13|24:18][19|20:18:11][22|26:5:20:6][10|24:26:5:2][21|27:22][1|30:14:5:2][12|10:1][4|30:14:13:10][16|27][8|5:18:2][17|26:10:21][29|30:27:1:16][0|10:1][28|30:26:17][3|5:2:13][15|26:5:13:1][9|26:14:21:3][23|18:11:4][7|10:1:12:0][25|26:3:23:7]    98.641
-298.833 : [24][30|24][26|30][14|30][5|30][20|5][6][18|14:6][2|5][27|14:6][11|24:30][13|24:18][19|20:18:11][22|26:5:20:6][10|24:26:5:2][21|27:22][1|30:14:5:2][12|10:1][4|30:14:13:10][16|27][8|5:18:2][17|26:10:21][29|30:27:13:16][0|10:1][28|30:26:17][3|5:2:13][15|26:5:13:1][9|26:14:21:3][23|18:11:4][7|10:1:12:0][25|26:3:23:7]    98.6964
-298.862 : [24][30|24][26|30][14|30][5|30][20|5][6][18|14:6][2|5][27|14:6][11|24:30][13|24:18][19|20:18:11][22|26:5:20:6][10|24:26:5:2][21|27:11][1|30:14:5:2][12|10:1][4|30:14:13:10][16|27][8|5:18:2][17|26:10:21][29|30:27:1][0|10:1][28|30:26:17][3|5:2:13][15|26:5:13:1][9|26:14:21:3][23|18:11:4][7|10:1:12:0][25|26:3:23:7]    98.7179
-298.865 : [24][30|24][26|30][14|30][5|30][20|5][6][18|14:20:6][2|5][27|14:6][11|24:30][13|24:18][19|20:18:11][22|26:5:20:6][10|24:26:5:2][21|27:22][1|30:14:5:2][12|10:1][4|30:14:13:10][16|27][8|5:18:2][17|26:10:21][29|30:27:1][0|10:1][28|30:26:17][3|5:2:13][15|26:5:13:1][9|26:14:21:3][23|18:11:4][7|10:1:12:0][25|26:3:23:7]    98.7491
-298.877 : [24][30|24][26|30][14|30][5|30][20|5][6|30][18|14:6][2|5][27|14:6][11|24:30][13|24:18][19|20:18:11][22|26:5:20:6][10|24:26:5:2][21|27:22][1|30:14:5:2][12|10:1][4|30:14:13:10][16|27][8|5:18:2][17|26:10:21][29|30:27:1][0|10:1][28|30:26:17][3|5:2:13][15|26:5:13:1][9|26:14:21:3][23|18:11:4][7|10:1:12:0][25|26:3:23:7]    98.7686
-298.881 : [24][30|24][26|30][14|30][5|30][20|5][6][18|14:6][2|5][27|14:6][11|24:30][13|24:18][19|20:18:11][22|26:5:20:6][10|24:26:5:2][21|27:22][1|30:14:5:2][12|10:1][4|30:14:13:10][16|27][8|5:18:2][17|26:10:21][29|26:27:1][0|10:1][28|30:26:17][3|5:2:13][15|26:5:13:1][9|26:14:21:3][23|18:11:4][7|10:1:12:0][25|26:3:23:7]    98.7919
-298.888 : [24][30|24][26|30][14|30][5|30][20|5][6][18|14:6][2|5][27|14:6][11|24:30][13|24:18][19|20:18:11][22|26:5:20:6][10|24:26:5:2][21|27:22][1|30:14:5:2][12|10:1][4|30:14:13:10][16|27][8|5:18:2][17|26:10:21][29|27:1:16][0|10:1][28|30:26:17][3|5:2:13][15|26:5:13:1][9|26:14:21:3][23|18:11:4][7|10:1:12:0][25|26:3:23:7]    98.815
-298.895 : [24][30|24][26|30][14|30][5|30][20|5][6][18|14:6][2|5][27|14:6][11|24:30][13|24:18][19|20:18:11][22|26:5:20:6][10|24:26:5:2][21|27:22][1|30:14:5:2][12|10:1][4|30:14:13:10][16|27][8|5:18:2][17|26:10:21][29|27:13:16][0|10:1][28|30:26:17][3|5:2:13][15|26:5:13:1][9|26:14:21:3][23|18:11:4][7|10:1:12:0][25|26:3:23:7]    98.885
-298.945 : [24][30|24][26|30][14|30][5|30][20|5][6][18|14:6][2|5][27|14:6][11|24:30][13|24:18][19|20:18:11][22|26:5:20:6][10|24:26:5:2][21|27:22][1|30:14:5:2][12|10:1][4|30:14:13:10][16|27][8|5:18:2][17|26:10:21][29|30:1:16][0|10:1][28|30:26:17][3|5:2:13][15|26:5:13:1][9|26:14:21:3][23|18:11:4][7|10:1:12:0][25|26:3:23:7]    98.909
-298.955 : [24][30|24][26|30][14|30][5|30][20|5][6][18|14:6][2|5][27|14:6][11|24:30][13|24:18][19|20:18:11][22|26:5:20:6][10|24:26:5:2][21|27:22][1|30:14:5:2][12|10:1][4|30:14:13:10][16|27][8|5:18:2][17|26:10:21][29|30:13:16][0|10:1][28|30:26:17][3|5:2:13][15|26:5:13:1][9|26:14:21:3][23|18:11:4][7|10:1:12:0][25|26:3:23:7]    98.9513
-298.984 : [24][30|24][26|30][14|30][5|30][20|5][6][18|14:6][2|5][27|14:6][11|24:30][13|26:5:18:2][19|20:18:11][22|26:5:20:6][10|24:26:5:2][21|27:22][1|30:14:5:2][12|10:1][4|30:14:13:10][16|27][8|5:18:2][17|26:10:21][29|30:27:1][0|10:1][28|30:26:17][3|5:2:13][15|26:5:13:1][9|26:14:21:3][23|18:11:4][7|10:1:12:0][25|26:3:23:7]    98.9794
-299.001 : [24][30|24][26|30][14|30][5|30][20|5][6][18|14:6][2|5][27|14:6][11|24:30][13|26:5:6:2][19|20:18:11][22|26:5:20:6][10|24:26:5:2][21|27:22][1|30:14:5:2][12|10:1][4|30:14:13:10][16|27][8|5:18:2][17|26:10:21][29|30:27:1][0|10:1][28|30:26:17][3|5:2:13][15|26:5:13:1][9|26:14:21:3][23|18:11:4][7|10:1:12:0][25|26:3:23:7]    98.9978


The local date and time is: Thu Nov 30 14:49:44 2023



